CRITICAL - 2024-06-09 06:11:25 --> CodeIgniter\View\Exceptions\ViewException: Invalid file: "student/auth/auth.php"
in SYSTEMPATH\Exceptions\FrameworkException.php on line 39.
 1 SYSTEMPATH\View\View.php(216): CodeIgniter\Exceptions\FrameworkException::forInvalidFile('student/auth/auth.php')
 2 SYSTEMPATH\Common.php(1178): CodeIgniter\View\View->render('student/auth/auth', [], true)
 3 APPPATH\Controllers\Home.php(13): view('student/auth/auth')
 4 SYSTEMPATH\CodeIgniter.php(943): App\Controllers\Home->login()
 5 SYSTEMPATH\CodeIgniter.php(503): CodeIgniter\CodeIgniter->runController(Object(App\Controllers\Home))
 6 SYSTEMPATH\CodeIgniter.php(361): CodeIgniter\CodeIgniter->handleRequest(null, Object(Config\Cache), false)
 7 FCPATH\index.php(79): CodeIgniter\CodeIgniter->run()
CRITICAL - 2024-06-09 14:42:33 --> ErrorException: Undefined variable $addClass
in APPPATH\Views\student\auth\login.php on line 7.
 1 APPPATH\Views\student\auth\login.php(7): CodeIgniter\Debug\Exceptions->errorHandler(2, 'Undefined variable $addClass', 'C:\\xampp\\htdocs\\mycamtp\\app\\Views\\student\\auth\\login.php', 7)
 2 SYSTEMPATH\View\View.php(228): include('C:\\xampp\\htdocs\\mycamtp\\app\\Views\\student\\auth\\login.php')
 3 SYSTEMPATH\View\View.php(231): CodeIgniter\View\View->CodeIgniter\View\{closure}()
 4 SYSTEMPATH\Common.php(1178): CodeIgniter\View\View->render('student/auth/login', [], true)
 5 APPPATH\Controllers\Home.php(13): view('student/auth/login')
 6 SYSTEMPATH\CodeIgniter.php(943): App\Controllers\Home->login()
 7 SYSTEMPATH\CodeIgniter.php(503): CodeIgniter\CodeIgniter->runController(Object(App\Controllers\Home))
 8 SYSTEMPATH\CodeIgniter.php(361): CodeIgniter\CodeIgniter->handleRequest(null, Object(Config\Cache), false)
 9 FCPATH\index.php(79): CodeIgniter\CodeIgniter->run()
CRITICAL - 2024-06-09 14:43:37 --> CodeIgniter\View\Exceptions\ViewException: Invalid file: "student/auth/login.php"
in SYSTEMPATH\Exceptions\FrameworkException.php on line 39.
 1 SYSTEMPATH\View\View.php(216): CodeIgniter\Exceptions\FrameworkException::forInvalidFile('student/auth/login.php')
 2 SYSTEMPATH\Common.php(1178): CodeIgniter\View\View->render('student/auth/login', [], true)
 3 APPPATH\Controllers\Home.php(13): view('student/auth/login')
 4 SYSTEMPATH\CodeIgniter.php(943): App\Controllers\Home->login()
 5 SYSTEMPATH\CodeIgniter.php(503): CodeIgniter\CodeIgniter->runController(Object(App\Controllers\Home))
 6 SYSTEMPATH\CodeIgniter.php(361): CodeIgniter\CodeIgniter->handleRequest(null, Object(Config\Cache), false)
 7 FCPATH\index.php(79): CodeIgniter\CodeIgniter->run()
CRITICAL - 2024-06-09 14:47:10 --> ErrorException: Undefined variable $addClass
in APPPATH\Views\student\auth\student_auth.php on line 9.
 1 APPPATH\Views\student\auth\student_auth.php(9): CodeIgniter\Debug\Exceptions->errorHandler(2, 'Undefined variable $addClass', 'C:\\xampp\\htdocs\\mycamtp\\app\\Views\\student\\auth\\student_auth.php', 9)
 2 SYSTEMPATH\View\View.php(228): include('C:\\xampp\\htdocs\\mycamtp\\app\\Views\\student\\auth\\student_auth.php')
 3 SYSTEMPATH\View\View.php(231): CodeIgniter\View\View->CodeIgniter\View\{closure}()
 4 SYSTEMPATH\Common.php(1178): CodeIgniter\View\View->render('student/auth/student_auth', [], true)
 5 APPPATH\Controllers\Home.php(13): view('student/auth/student_auth')
 6 SYSTEMPATH\CodeIgniter.php(943): App\Controllers\Home->login()
 7 SYSTEMPATH\CodeIgniter.php(503): CodeIgniter\CodeIgniter->runController(Object(App\Controllers\Home))
 8 SYSTEMPATH\CodeIgniter.php(361): CodeIgniter\CodeIgniter->handleRequest(null, Object(Config\Cache), false)
 9 FCPATH\index.php(79): CodeIgniter\CodeIgniter->run()
CRITICAL - 2024-06-09 14:54:18 --> CodeIgniter\Exceptions\ConfigException: Config\App::$baseURL "/" is not a valid URL.
in SYSTEMPATH\HTTP\SiteURI.php on line 199.
 1 SYSTEMPATH\HTTP\SiteURI.php(145): CodeIgniter\HTTP\SiteURI->normalizeBaseURL(Object(Config\App))
 2 SYSTEMPATH\HTTP\SiteURI.php(100): CodeIgniter\HTTP\SiteURI->determineBaseURL(Object(Config\App), null, null)
 3 SYSTEMPATH\HTTP\SiteURIFactory.php(224): CodeIgniter\HTTP\SiteURI->__construct(Object(Config\App), 'assets/js/cdn/bootbox.min.js', null)
 4 SYSTEMPATH\HTTP\SiteURIFactory.php(45): CodeIgniter\HTTP\SiteURIFactory->createURIFromRoutePath('assets/js/cdn/bootbox.min.js')
 5 SYSTEMPATH\Config\Services.php(805): CodeIgniter\HTTP\SiteURIFactory->createFromGlobals()
 6 SYSTEMPATH\Config\BaseService.php(258): CodeIgniter\Config\Services::uri(null, false)
 7 SYSTEMPATH\Config\BaseService.php(199): CodeIgniter\Config\BaseService::__callStatic('uri', [...])
 8 SYSTEMPATH\Config\Services.php(798): CodeIgniter\Config\BaseService::getSharedInstance('uri', null)
 9 SYSTEMPATH\Config\BaseService.php(258): CodeIgniter\Config\Services::uri()
10 SYSTEMPATH\Config\Services.php(566): CodeIgniter\Config\BaseService::__callStatic('uri', [])
11 SYSTEMPATH\Config\BaseService.php(258): CodeIgniter\Config\Services::incomingrequest(Object(Config\App), false)
12 SYSTEMPATH\Config\Services.php(524): CodeIgniter\Config\BaseService::__callStatic('incomingrequest', [...])
13 SYSTEMPATH\Config\BaseService.php(258): CodeIgniter\Config\Services::request(Object(Config\App), false)
14 SYSTEMPATH\Config\BaseService.php(199): CodeIgniter\Config\BaseService::__callStatic('request', [...])
15 SYSTEMPATH\Config\Services.php(559): CodeIgniter\Config\BaseService::getSharedInstance('request', Object(Config\App))
16 SYSTEMPATH\Config\BaseService.php(258): CodeIgniter\Config\Services::incomingrequest(Object(Config\App))
17 SYSTEMPATH\Config\Services.php(539): CodeIgniter\Config\BaseService::__callStatic('incomingrequest', [...])
18 SYSTEMPATH\Config\BaseService.php(258): CodeIgniter\Config\Services::createRequest(Object(Config\App))
19 SYSTEMPATH\CodeIgniter.php(656): CodeIgniter\Config\BaseService::__callStatic('createRequest', [...])
20 SYSTEMPATH\CodeIgniter.php(355): CodeIgniter\CodeIgniter->getRequestObject()
21 FCPATH\index.php(79): CodeIgniter\CodeIgniter->run()
CRITICAL - 2024-06-09 14:54:18 --> ErrorException: Uncaught CodeIgniter\Exceptions\ConfigException: Config\App::$baseURL "/" is not a valid URL. in C:\xampp\htdocs\mycamtp\vendor\codeigniter4\framework\system\HTTP\SiteURI.php:199
Stack trace:
#0 C:\xampp\htdocs\mycamtp\vendor\codeigniter4\framework\system\HTTP\SiteURI.php(145): CodeIgniter\HTTP\SiteURI->normalizeBaseURL(Object(Config\App))
#1 C:\xampp\htdocs\mycamtp\vendor\codeigniter4\framework\system\HTTP\SiteURI.php(100): CodeIgniter\HTTP\SiteURI->determineBaseURL(Object(Config\App), NULL, NULL)
#2 C:\xampp\htdocs\mycamtp\vendor\codeigniter4\framework\system\HTTP\SiteURIFactory.php(224): CodeIgniter\HTTP\SiteURI->__construct(Object(Config\App), 'assets/js/cdn/b...', NULL)
#3 C:\xampp\htdocs\mycamtp\vendor\codeigniter4\framework\system\HTTP\SiteURIFactory.php(45): CodeIgniter\HTTP\SiteURIFactory->createURIFromRoutePath('assets/js/cdn/b...')
#4 C:\xampp\htdocs\mycamtp\vendor\codeigniter4\framework\system\Config\Services.php(805): CodeIgniter\HTTP\SiteURIFactory->createFromGlobals()
#5 C:\xampp\htdocs\mycamtp\vendor\codeigniter4\framework\system\Config\BaseService.php(258): CodeIgniter\Config\Services::uri(NULL, false)
#6 C:\xampp\htdocs\mycamtp\vendor\codeigniter4\framework\system\Config\BaseService.php(199): CodeIgniter\Config\BaseService::__callStatic('uri', Array)
#7 C:\xampp\htdocs\mycamtp\vendor\codeigniter4\framework\system\Config\Services.php(798): CodeIgniter\Config\BaseService::getSharedInstance('uri', NULL)
#8 C:\xampp\htdocs\mycamtp\vendor\codeigniter4\framework\system\Config\BaseService.php(258): CodeIgniter\Config\Services::uri()
#9 C:\xampp\htdocs\mycamtp\vendor\codeigniter4\framework\system\Config\Services.php(566): CodeIgniter\Config\BaseService::__callStatic('uri', Array)
#10 C:\xampp\htdocs\mycamtp\vendor\codeigniter4\framework\system\Config\BaseService.php(258): CodeIgniter\Config\Services::incomingrequest(Object(Config\App), false)
#11 C:\xampp\htdocs\mycamtp\vendor\codeigniter4\framework\system\Config\Services.php(524): CodeIgniter\Config\BaseService::__callStatic('incomingrequest', Array)
#12 C:\xampp\htdocs\mycamtp\vendor\codeigniter4\framework\system\Config\BaseService.php(258): CodeIgniter\Config\Services::request(NULL, false)
#13 C:\xampp\htdocs\mycamtp\vendor\codeigniter4\framework\system\Config\BaseService.php(199): CodeIgniter\Config\BaseService::__callStatic('request', Array)
#14 C:\xampp\htdocs\mycamtp\vendor\codeigniter4\framework\system\Config\Services.php(520): CodeIgniter\Config\BaseService::getSharedInstance('request', NULL)
#15 C:\xampp\htdocs\mycamtp\vendor\codeigniter4\framework\system\Config\BaseService.php(258): CodeIgniter\Config\Services::request()
#16 C:\xampp\htdocs\mycamtp\vendor\codeigniter4\framework\system\Debug\Exceptions.php(150): CodeIgniter\Config\BaseService::__callStatic('request', Array)
#17 [internal function]: CodeIgniter\Debug\Exceptions->exceptionHandler(Object(CodeIgniter\Exceptions\ConfigException))
#18 {main}
  thrown
【Previous Exception】
CodeIgniter\Exceptions\ConfigException
Config\App::$baseURL "/" is not a valid URL.
#0 C:\xampp\htdocs\mycamtp\vendor\codeigniter4\framework\system\HTTP\SiteURI.php(145): CodeIgniter\HTTP\SiteURI->normalizeBaseURL(Object(Config\App))
#1 C:\xampp\htdocs\mycamtp\vendor\codeigniter4\framework\system\HTTP\SiteURI.php(100): CodeIgniter\HTTP\SiteURI->determineBaseURL(Object(Config\App), NULL, NULL)
#2 C:\xampp\htdocs\mycamtp\vendor\codeigniter4\framework\system\HTTP\SiteURIFactory.php(224): CodeIgniter\HTTP\SiteURI->__construct(Object(Config\App), 'assets/js/cdn/b...', NULL)
#3 C:\xampp\htdocs\mycamtp\vendor\codeigniter4\framework\system\HTTP\SiteURIFactory.php(45): CodeIgniter\HTTP\SiteURIFactory->createURIFromRoutePath('assets/js/cdn/b...')
#4 C:\xampp\htdocs\mycamtp\vendor\codeigniter4\framework\system\Config\Services.php(805): CodeIgniter\HTTP\SiteURIFactory->createFromGlobals()
#5 C:\xampp\htdocs\mycamtp\vendor\codeigniter4\framework\system\Config\BaseService.php(258): CodeIgniter\Config\Services::uri(NULL, false)
#6 C:\xampp\htdocs\mycamtp\vendor\codeigniter4\framework\system\Config\BaseService.php(199): CodeIgniter\Config\BaseService::__callStatic('uri', Array)
#7 C:\xampp\htdocs\mycamtp\vendor\codeigniter4\framework\system\Config\Services.php(798): CodeIgniter\Config\BaseService::getSharedInstance('uri', NULL)
#8 C:\xampp\htdocs\mycamtp\vendor\codeigniter4\framework\system\Config\BaseService.php(258): CodeIgniter\Config\Services::uri()
#9 C:\xampp\htdocs\mycamtp\vendor\codeigniter4\framework\system\Config\Services.php(566): CodeIgniter\Config\BaseService::__callStatic('uri', Array)
#10 C:\xampp\htdocs\mycamtp\vendor\codeigniter4\framework\system\Config\BaseService.php(258): CodeIgniter\Config\Services::incomingrequest(Object(Config\App), false)
#11 C:\xampp\htdocs\mycamtp\vendor\codeigniter4\framework\system\Config\Services.php(524): CodeIgniter\Config\BaseService::__callStatic('incomingrequest', Array)
#12 C:\xampp\htdocs\mycamtp\vendor\codeigniter4\framework\system\Config\BaseService.php(258): CodeIgniter\Config\Services::request(Object(Config\App), false)
#13 C:\xampp\htdocs\mycamtp\vendor\codeigniter4\framework\system\Config\BaseService.php(199): CodeIgniter\Config\BaseService::__callStatic('request', Array)
#14 C:\xampp\htdocs\mycamtp\vendor\codeigniter4\framework\system\Config\Services.php(559): CodeIgniter\Config\BaseService::getSharedInstance('request', Object(Config\App))
#15 C:\xampp\htdocs\mycamtp\vendor\codeigniter4\framework\system\Config\BaseService.php(258): CodeIgniter\Config\Services::incomingrequest(Object(Config\App))
#16 C:\xampp\htdocs\mycamtp\vendor\codeigniter4\framework\system\Config\Services.php(539): CodeIgniter\Config\BaseService::__callStatic('incomingrequest', Array)
#17 C:\xampp\htdocs\mycamtp\vendor\codeigniter4\framework\system\Config\BaseService.php(258): CodeIgniter\Config\Services::createRequest(Object(Config\App))
#18 C:\xampp\htdocs\mycamtp\vendor\codeigniter4\framework\system\CodeIgniter.php(656): CodeIgniter\Config\BaseService::__callStatic('createRequest', Array)
#19 C:\xampp\htdocs\mycamtp\vendor\codeigniter4\framework\system\CodeIgniter.php(355): CodeIgniter\CodeIgniter->getRequestObject()
#20 C:\xampp\htdocs\mycamtp\public\index.php(79): CodeIgniter\CodeIgniter->run()
#21 {main}
in SYSTEMPATH\HTTP\SiteURI.php on line 199.
 1 [internal function]: CodeIgniter\Debug\Exceptions->shutdownHandler()
CRITICAL - 2024-06-09 19:54:51 --> CodeIgniter\Exceptions\ConfigException: Config\App::$baseURL "/" is not a valid URL.
in SYSTEMPATH\HTTP\SiteURI.php on line 199.
 1 SYSTEMPATH\HTTP\SiteURI.php(145): CodeIgniter\HTTP\SiteURI->normalizeBaseURL(Object(Config\App))
 2 SYSTEMPATH\HTTP\SiteURI.php(100): CodeIgniter\HTTP\SiteURI->determineBaseURL(Object(Config\App), null, null)
 3 SYSTEMPATH\HTTP\SiteURIFactory.php(224): CodeIgniter\HTTP\SiteURI->__construct(Object(Config\App), 'assets/cdn/js/bootstrap.min.js.map', null)
 4 SYSTEMPATH\HTTP\SiteURIFactory.php(45): CodeIgniter\HTTP\SiteURIFactory->createURIFromRoutePath('assets/cdn/js/bootstrap.min.js.map')
 5 SYSTEMPATH\Config\Services.php(805): CodeIgniter\HTTP\SiteURIFactory->createFromGlobals()
 6 SYSTEMPATH\Config\BaseService.php(258): CodeIgniter\Config\Services::uri(null, false)
 7 SYSTEMPATH\Config\BaseService.php(199): CodeIgniter\Config\BaseService::__callStatic('uri', [...])
 8 SYSTEMPATH\Config\Services.php(798): CodeIgniter\Config\BaseService::getSharedInstance('uri', null)
 9 SYSTEMPATH\Config\BaseService.php(258): CodeIgniter\Config\Services::uri()
10 SYSTEMPATH\Config\Services.php(566): CodeIgniter\Config\BaseService::__callStatic('uri', [])
11 SYSTEMPATH\Config\BaseService.php(258): CodeIgniter\Config\Services::incomingrequest(Object(Config\App), false)
12 SYSTEMPATH\Config\Services.php(524): CodeIgniter\Config\BaseService::__callStatic('incomingrequest', [...])
13 SYSTEMPATH\Config\BaseService.php(258): CodeIgniter\Config\Services::request(Object(Config\App), false)
14 SYSTEMPATH\Config\BaseService.php(199): CodeIgniter\Config\BaseService::__callStatic('request', [...])
15 SYSTEMPATH\Config\Services.php(559): CodeIgniter\Config\BaseService::getSharedInstance('request', Object(Config\App))
16 SYSTEMPATH\Config\BaseService.php(258): CodeIgniter\Config\Services::incomingrequest(Object(Config\App))
17 SYSTEMPATH\Config\Services.php(539): CodeIgniter\Config\BaseService::__callStatic('incomingrequest', [...])
18 SYSTEMPATH\Config\BaseService.php(258): CodeIgniter\Config\Services::createRequest(Object(Config\App))
19 SYSTEMPATH\CodeIgniter.php(656): CodeIgniter\Config\BaseService::__callStatic('createRequest', [...])
20 SYSTEMPATH\CodeIgniter.php(355): CodeIgniter\CodeIgniter->getRequestObject()
21 FCPATH\index.php(79): CodeIgniter\CodeIgniter->run()
CRITICAL - 2024-06-09 19:54:51 --> ErrorException: Uncaught CodeIgniter\Exceptions\ConfigException: Config\App::$baseURL "/" is not a valid URL. in C:\xampp\htdocs\mycamtp\vendor\codeigniter4\framework\system\HTTP\SiteURI.php:199
Stack trace:
#0 C:\xampp\htdocs\mycamtp\vendor\codeigniter4\framework\system\HTTP\SiteURI.php(145): CodeIgniter\HTTP\SiteURI->normalizeBaseURL(Object(Config\App))
#1 C:\xampp\htdocs\mycamtp\vendor\codeigniter4\framework\system\HTTP\SiteURI.php(100): CodeIgniter\HTTP\SiteURI->determineBaseURL(Object(Config\App), NULL, NULL)
#2 C:\xampp\htdocs\mycamtp\vendor\codeigniter4\framework\system\HTTP\SiteURIFactory.php(224): CodeIgniter\HTTP\SiteURI->__construct(Object(Config\App), 'assets/cdn/js/b...', NULL)
#3 C:\xampp\htdocs\mycamtp\vendor\codeigniter4\framework\system\HTTP\SiteURIFactory.php(45): CodeIgniter\HTTP\SiteURIFactory->createURIFromRoutePath('assets/cdn/js/b...')
#4 C:\xampp\htdocs\mycamtp\vendor\codeigniter4\framework\system\Config\Services.php(805): CodeIgniter\HTTP\SiteURIFactory->createFromGlobals()
#5 C:\xampp\htdocs\mycamtp\vendor\codeigniter4\framework\system\Config\BaseService.php(258): CodeIgniter\Config\Services::uri(NULL, false)
#6 C:\xampp\htdocs\mycamtp\vendor\codeigniter4\framework\system\Config\BaseService.php(199): CodeIgniter\Config\BaseService::__callStatic('uri', Array)
#7 C:\xampp\htdocs\mycamtp\vendor\codeigniter4\framework\system\Config\Services.php(798): CodeIgniter\Config\BaseService::getSharedInstance('uri', NULL)
#8 C:\xampp\htdocs\mycamtp\vendor\codeigniter4\framework\system\Config\BaseService.php(258): CodeIgniter\Config\Services::uri()
#9 C:\xampp\htdocs\mycamtp\vendor\codeigniter4\framework\system\Config\Services.php(566): CodeIgniter\Config\BaseService::__callStatic('uri', Array)
#10 C:\xampp\htdocs\mycamtp\vendor\codeigniter4\framework\system\Config\BaseService.php(258): CodeIgniter\Config\Services::incomingrequest(Object(Config\App), false)
#11 C:\xampp\htdocs\mycamtp\vendor\codeigniter4\framework\system\Config\Services.php(524): CodeIgniter\Config\BaseService::__callStatic('incomingrequest', Array)
#12 C:\xampp\htdocs\mycamtp\vendor\codeigniter4\framework\system\Config\BaseService.php(258): CodeIgniter\Config\Services::request(NULL, false)
#13 C:\xampp\htdocs\mycamtp\vendor\codeigniter4\framework\system\Config\BaseService.php(199): CodeIgniter\Config\BaseService::__callStatic('request', Array)
#14 C:\xampp\htdocs\mycamtp\vendor\codeigniter4\framework\system\Config\Services.php(520): CodeIgniter\Config\BaseService::getSharedInstance('request', NULL)
#15 C:\xampp\htdocs\mycamtp\vendor\codeigniter4\framework\system\Config\BaseService.php(258): CodeIgniter\Config\Services::request()
#16 C:\xampp\htdocs\mycamtp\vendor\codeigniter4\framework\system\Debug\Exceptions.php(150): CodeIgniter\Config\BaseService::__callStatic('request', Array)
#17 [internal function]: CodeIgniter\Debug\Exceptions->exceptionHandler(Object(CodeIgniter\Exceptions\ConfigException))
#18 {main}
  thrown
【Previous Exception】
CodeIgniter\Exceptions\ConfigException
Config\App::$baseURL "/" is not a valid URL.
#0 C:\xampp\htdocs\mycamtp\vendor\codeigniter4\framework\system\HTTP\SiteURI.php(145): CodeIgniter\HTTP\SiteURI->normalizeBaseURL(Object(Config\App))
#1 C:\xampp\htdocs\mycamtp\vendor\codeigniter4\framework\system\HTTP\SiteURI.php(100): CodeIgniter\HTTP\SiteURI->determineBaseURL(Object(Config\App), NULL, NULL)
#2 C:\xampp\htdocs\mycamtp\vendor\codeigniter4\framework\system\HTTP\SiteURIFactory.php(224): CodeIgniter\HTTP\SiteURI->__construct(Object(Config\App), 'assets/cdn/js/b...', NULL)
#3 C:\xampp\htdocs\mycamtp\vendor\codeigniter4\framework\system\HTTP\SiteURIFactory.php(45): CodeIgniter\HTTP\SiteURIFactory->createURIFromRoutePath('assets/cdn/js/b...')
#4 C:\xampp\htdocs\mycamtp\vendor\codeigniter4\framework\system\Config\Services.php(805): CodeIgniter\HTTP\SiteURIFactory->createFromGlobals()
#5 C:\xampp\htdocs\mycamtp\vendor\codeigniter4\framework\system\Config\BaseService.php(258): CodeIgniter\Config\Services::uri(NULL, false)
#6 C:\xampp\htdocs\mycamtp\vendor\codeigniter4\framework\system\Config\BaseService.php(199): CodeIgniter\Config\BaseService::__callStatic('uri', Array)
#7 C:\xampp\htdocs\mycamtp\vendor\codeigniter4\framework\system\Config\Services.php(798): CodeIgniter\Config\BaseService::getSharedInstance('uri', NULL)
#8 C:\xampp\htdocs\mycamtp\vendor\codeigniter4\framework\system\Config\BaseService.php(258): CodeIgniter\Config\Services::uri()
#9 C:\xampp\htdocs\mycamtp\vendor\codeigniter4\framework\system\Config\Services.php(566): CodeIgniter\Config\BaseService::__callStatic('uri', Array)
#10 C:\xampp\htdocs\mycamtp\vendor\codeigniter4\framework\system\Config\BaseService.php(258): CodeIgniter\Config\Services::incomingrequest(Object(Config\App), false)
#11 C:\xampp\htdocs\mycamtp\vendor\codeigniter4\framework\system\Config\Services.php(524): CodeIgniter\Config\BaseService::__callStatic('incomingrequest', Array)
#12 C:\xampp\htdocs\mycamtp\vendor\codeigniter4\framework\system\Config\BaseService.php(258): CodeIgniter\Config\Services::request(Object(Config\App), false)
#13 C:\xampp\htdocs\mycamtp\vendor\codeigniter4\framework\system\Config\BaseService.php(199): CodeIgniter\Config\BaseService::__callStatic('request', Array)
#14 C:\xampp\htdocs\mycamtp\vendor\codeigniter4\framework\system\Config\Services.php(559): CodeIgniter\Config\BaseService::getSharedInstance('request', Object(Config\App))
#15 C:\xampp\htdocs\mycamtp\vendor\codeigniter4\framework\system\Config\BaseService.php(258): CodeIgniter\Config\Services::incomingrequest(Object(Config\App))
#16 C:\xampp\htdocs\mycamtp\vendor\codeigniter4\framework\system\Config\Services.php(539): CodeIgniter\Config\BaseService::__callStatic('incomingrequest', Array)
#17 C:\xampp\htdocs\mycamtp\vendor\codeigniter4\framework\system\Config\BaseService.php(258): CodeIgniter\Config\Services::createRequest(Object(Config\App))
#18 C:\xampp\htdocs\mycamtp\vendor\codeigniter4\framework\system\CodeIgniter.php(656): CodeIgniter\Config\BaseService::__callStatic('createRequest', Array)
#19 C:\xampp\htdocs\mycamtp\vendor\codeigniter4\framework\system\CodeIgniter.php(355): CodeIgniter\CodeIgniter->getRequestObject()
#20 C:\xampp\htdocs\mycamtp\public\index.php(79): CodeIgniter\CodeIgniter->run()
#21 {main}
in SYSTEMPATH\HTTP\SiteURI.php on line 199.
 1 [internal function]: CodeIgniter\Debug\Exceptions->shutdownHandler()
