CRITICAL - 2024-06-05 18:40:15 --> CodeIgniter\View\Exceptions\ViewException: Invalid file: "layout/student_layout.php"
in SYSTEMPATH\Exceptions\FrameworkException.php on line 39.
 1 SYSTEMPATH\View\View.php(216): CodeIgniter\Exceptions\FrameworkException::forInvalidFile('layout/student_layout.php')
 2 SYSTEMPATH\View\View.php(244): CodeIgniter\View\View->render('layout/student_layout', [], true)
 3 SYSTEMPATH\Common.php(1178): CodeIgniter\View\View->render('student/index', [], true)
 4 APPPATH\Controllers\Home.php(9): view('student/index')
 5 SYSTEMPATH\CodeIgniter.php(943): App\Controllers\Home->index()
 6 SYSTEMPATH\CodeIgniter.php(503): CodeIgniter\CodeIgniter->runController(Object(App\Controllers\Home))
 7 SYSTEMPATH\CodeIgniter.php(361): CodeIgniter\CodeIgniter->handleRequest(null, Object(Config\Cache), false)
 8 FCPATH\index.php(79): CodeIgniter\CodeIgniter->run()
CRITICAL - 2024-06-05 18:40:45 --> CodeIgniter\View\Exceptions\ViewException: Invalid file: "layout/student_layout.php"
in SYSTEMPATH\Exceptions\FrameworkException.php on line 39.
 1 SYSTEMPATH\View\View.php(216): CodeIgniter\Exceptions\FrameworkException::forInvalidFile('layout/student_layout.php')
 2 SYSTEMPATH\View\View.php(244): CodeIgniter\View\View->render('layout/student_layout', [], true)
 3 SYSTEMPATH\Common.php(1178): CodeIgniter\View\View->render('student/index', [], true)
 4 APPPATH\Controllers\Home.php(9): view('student/index')
 5 SYSTEMPATH\CodeIgniter.php(943): App\Controllers\Home->index()
 6 SYSTEMPATH\CodeIgniter.php(503): CodeIgniter\CodeIgniter->runController(Object(App\Controllers\Home))
 7 SYSTEMPATH\CodeIgniter.php(361): CodeIgniter\CodeIgniter->handleRequest(null, Object(Config\Cache), false)
 8 FCPATH\index.php(79): CodeIgniter\CodeIgniter->run()
CRITICAL - 2024-06-05 18:40:58 --> CodeIgniter\View\Exceptions\ViewException: Invalid file: "layout/layout.php"
in SYSTEMPATH\Exceptions\FrameworkException.php on line 39.
 1 SYSTEMPATH\View\View.php(216): CodeIgniter\Exceptions\FrameworkException::forInvalidFile('layout/layout.php')
 2 SYSTEMPATH\View\View.php(244): CodeIgniter\View\View->render('layout/layout', [], true)
 3 SYSTEMPATH\Common.php(1178): CodeIgniter\View\View->render('student/index', [], true)
 4 APPPATH\Controllers\Home.php(9): view('student/index')
 5 SYSTEMPATH\CodeIgniter.php(943): App\Controllers\Home->index()
 6 SYSTEMPATH\CodeIgniter.php(503): CodeIgniter\CodeIgniter->runController(Object(App\Controllers\Home))
 7 SYSTEMPATH\CodeIgniter.php(361): CodeIgniter\CodeIgniter->handleRequest(null, Object(Config\Cache), false)
 8 FCPATH\index.php(79): CodeIgniter\CodeIgniter->run()
CRITICAL - 2024-06-05 18:41:11 --> CodeIgniter\View\Exceptions\ViewException: Invalid file: "student/layout.php"
in SYSTEMPATH\Exceptions\FrameworkException.php on line 39.
 1 SYSTEMPATH\View\View.php(216): CodeIgniter\Exceptions\FrameworkException::forInvalidFile('student/layout.php')
 2 SYSTEMPATH\View\View.php(244): CodeIgniter\View\View->render('student/layout', [], true)
 3 SYSTEMPATH\Common.php(1178): CodeIgniter\View\View->render('student/index', [], true)
 4 APPPATH\Controllers\Home.php(9): view('student/index')
 5 SYSTEMPATH\CodeIgniter.php(943): App\Controllers\Home->index()
 6 SYSTEMPATH\CodeIgniter.php(503): CodeIgniter\CodeIgniter->runController(Object(App\Controllers\Home))
 7 SYSTEMPATH\CodeIgniter.php(361): CodeIgniter\CodeIgniter->handleRequest(null, Object(Config\Cache), false)
 8 FCPATH\index.php(79): CodeIgniter\CodeIgniter->run()
